<?xml version="1.0" encoding="UTF-8"?>
<!-- Generated by org.testng.reporters.JUnitReportReporter -->
<testsuite hostname="CISPL-IO-80" failures="0" tests="3" name="TestPackage.OrderFlow" time="23.053" errors="0" timestamp="2024-06-20T17:07:16 IST" skipped="2">
  <testcase classname="TestPackage.OrderFlow" name="checkoutguest" time="23.053"/>
  <testcase classname="TestPackage.OrderFlow" name="searchproduct">
    <skipped/>
  </testcase> <!-- searchproduct -->
  <testcase classname="TestPackage.OrderFlow" name="successaddtocartmessage">
    <skipped/>
  </testcase> <!-- successaddtocartmessage -->
</testsuite> <!-- TestPackage.OrderFlow -->
