<?xml version="1.0" encoding="UTF-8"?>
<!-- Generated by org.testng.reporters.JUnitReportReporter -->
<testsuite hostname="CISPL-IO-80" failures="0" tests="1" name="TestPackage.CartPageTest" time="8.572" errors="0" timestamp="2024-06-17T19:47:49 IST" skipped="0">
  <testcase classname="TestPackage.CartPageTest" name="pageTitleChecking" time="8.572"/>
</testsuite> <!-- TestPackage.CartPageTest -->
