<?xml version="1.0" encoding="UTF-8"?>
<!-- Generated by org.testng.reporters.JUnitReportReporter -->
<testsuite hostname="CISPL-IO-80" failures="0" tests="4" name="TestPackage.OrderFlow" time="105.239" errors="0" timestamp="2024-07-31T19:37:05 IST" skipped="0">
  <testcase classname="TestPackage.OrderFlow" name="checkoutguest" time="22.944"/>
  <testcase classname="TestPackage.OrderFlow" name="successaddtocartmessage" time="31.651"/>
  <testcase classname="TestPackage.OrderFlow" name="searchproduct" time="20.230"/>
  <testcase classname="TestPackage.OrderFlow" name="checkoutguest" time="30.414"/>
</testsuite> <!-- TestPackage.OrderFlow -->
