<?xml version="1.0" encoding="UTF-8"?>
<!-- Generated by org.testng.reporters.JUnitReportReporter -->
<testsuite hostname="CISPL-IO-80" failures="0" tests="3" name="TestPackage.HomeTest" time="20.336" errors="0" timestamp="2024-06-14T19:51:02 IST" skipped="0">
  <testcase classname="TestPackage.HomeTest" name="heading" time="5.376"/>
  <testcase classname="TestPackage.HomeTest" name="homecontent" time="6.052"/>
  <testcase classname="TestPackage.HomeTest" name="categorylinkTest" time="8.908"/>
</testsuite> <!-- TestPackage.HomeTest -->
