<?xml version="1.0" encoding="UTF-8"?>
<!-- Generated by org.testng.reporters.JUnitReportReporter -->
<testsuite hostname="CISPL-IO-80" failures="0" tests="1" name="TestPackage.HomeTest" time="13.225" errors="0" timestamp="2024-06-28T13:43:07 IST" skipped="0">
  <testcase classname="TestPackage.HomeTest" name="heading" time="13.225"/>
</testsuite> <!-- TestPackage.HomeTest -->
